{"numTotalTestSuites":2,"numPassedTestSuites":2,"numFailedTestSuites":0,"numPendingTestSuites":0,"numTotalTests":3,"numPassedTests":3,"numFailedTests":0,"numPendingTests":0,"numTodoTests":0,"snapshot":{"added":0,"failure":false,"filesAdded":0,"filesRemoved":0,"filesRemovedList":[],"filesUnmatched":0,"filesUpdated":0,"matched":0,"total":0,"unchecked":0,"uncheckedKeysByFile":[],"unmatched":0,"updated":0,"didUpdate":false},"startTime":1787725192702,"success":true,"testResults":[{"assertionResults":[{"ancestorTitles":["validate-calibration exits 1 on a review-tier recall regression (#1628)"],"fullName":"validate-calibration exits 1 on a review-tier recall regression (#1628) exits 0 on the committed corpus, and reports the review-tier population it now holds fatal","status":"passed","title":"exits 0 on the committed corpus, and reports the review-tier population it now holds fatal","duration":34812.859791,"failureMessages":[],"meta":{}},{"ancestorTitles":["validate-calibration exits 1 on a review-tier recall regression (#1628)"],"fullName":"validate-calibration exits 1 on a review-tier recall regression (#1628) exits 1 when one caught review-tier positive is darkened, naming the row","status":"passed","title":"exits 1 when one caught review-tier positive is darkened, naming the row","duration":33835.768458,"failureMessages":[],"meta":{}},{"ancestorTitles":["validate-calibration exits 1 on a review-tier recall regression (#1628)"],"fullName":"validate-calibration exits 1 on a review-tier recall regression (#1628) exits 2 and renders NO recall table when semgrep crashes instead of completing (#1664)","status":"passed","title":"exits 2 and renders NO recall table when semgrep crashes instead of completing (#1664)","duration":7595.7923750000045,"failureMessages":[],"meta":{}}],"startTime":1787725192800,"endTime":1787725269044.7925,"status":"passed","message":"","name":"/private/tmp/harvey-sweep-1758/src/cli/validate-calibration.test.ts"}]}