{"numTotalTestSuites":3,"numPassedTestSuites":3,"numFailedTestSuites":0,"numPendingTestSuites":0,"numTotalTests":4,"numPassedTests":4,"numFailedTests":0,"numPendingTests":0,"numTodoTests":0,"snapshot":{"added":0,"failure":false,"filesAdded":0,"filesRemoved":0,"filesRemovedList":[],"filesUnmatched":0,"filesUpdated":0,"matched":0,"total":0,"unchecked":0,"uncheckedKeysByFile":[],"unmatched":0,"updated":0,"didUpdate":false},"startTime":1787725486919,"success":true,"testResults":[{"assertionResults":[{"ancestorTitles":["sync-stdio — a verdict printed before process.exit() survives a piped stdout (#1758)"],"fullName":"sync-stdio — a verdict printed before process.exit() survives a piped stdout (#1758) NEGATIVE CONTROL: without the guard, the last line before exit is discarded","status":"passed","title":"NEGATIVE CONTROL: without the guard, the last line before exit is discarded","duration":543.5198330000001,"failureMessages":[],"meta":{}},{"ancestorTitles":["sync-stdio — a verdict printed before process.exit() survives a piped stdout (#1758)"],"fullName":"sync-stdio — a verdict printed before process.exit() survives a piped stdout (#1758) with the guard imported, the verdict survives every run","status":"passed","title":"with the guard imported, the verdict survives every run","duration":4470.400833,"failureMessages":[],"meta":{}},{"ancestorTitles":["every CLI that exits non-zero imports the guard (#1758)"],"fullName":"every CLI that exits non-zero imports the guard (#1758) has no unguarded exiting CLI","status":"passed","title":"has no unguarded exiting CLI","duration":59.662874999999985,"failureMessages":[],"meta":{}},{"ancestorTitles":["every CLI that exits non-zero imports the guard (#1758)"],"fullName":"every CLI that exits non-zero imports the guard (#1758) NEGATIVE CONTROL: the sweep would notice an unguarded file","status":"passed","title":"NEGATIVE CONTROL: the sweep would notice an unguarded file","duration":0.23629199999959383,"failureMessages":[],"meta":{}}],"startTime":1787725487212,"endTime":1787725492286.2363,"status":"passed","message":"","name":"/private/tmp/harvey-sweep-1758/src/cli/sync-stdio.test.ts"}]}